c:\myprojects\aziaudio_legacy\pj64_1.6.2\plugin\lib\aziaudio_legacy.lib
c:\myprojects\aziaudio_legacy\pj64_1.6.2\plugin\lib\aziaudio_legacy.exp
c:\myprojects\pj64_1.6.2\plugin\lib\aziaudio_legacy.lib
c:\myprojects\pj64_1.6.2\plugin\lib\aziaudio_legacy.exp
c:\myprojects\aziaudio_legacy\build\win32\debug\vc16.0.pdb
c:\myprojects\aziaudio_legacy\build\win32\debug\vc16.0.idb
c:\myprojects\aziaudio_legacy\build\win32\debug\abi_buffers.obj
c:\myprojects\aziaudio_legacy\build\win32\debug\abi_envmixer.obj
c:\myprojects\aziaudio_legacy\build\win32\debug\abi_filters.obj
c:\myprojects\aziaudio_legacy\build\win32\debug\abi_mixerinterleave.obj
c:\myprojects\aziaudio_legacy\build\win32\debug\abi_resample.obj
c:\myprojects\aziaudio_legacy\build\win32\debug\configuration.obj
c:\myprojects\aziaudio_legacy\build\win32\debug\directsounddriver.obj
c:\myprojects\aziaudio_legacy\build\win32\debug\directsounddriverlegacy.obj
c:\myprojects\aziaudio_legacy\build\win32\debug\hlemain.obj
c:\myprojects\aziaudio_legacy\build\win32\debug\main.obj
c:\myprojects\aziaudio_legacy\build\win32\debug\nosounddriver.obj
c:\myprojects\aziaudio_legacy\build\win32\debug\sounddriver.obj
c:\myprojects\aziaudio_legacy\build\win32\debug\sounddriverfactory.obj
c:\myprojects\aziaudio_legacy\build\win32\debug\sounddriverinterface.obj
c:\myprojects\aziaudio_legacy\build\win32\debug\sounddriverlegacy.obj
c:\myprojects\aziaudio_legacy\build\win32\debug\wasapisounddriver.obj
c:\myprojects\aziaudio_legacy\build\win32\debug\waveout.obj
c:\myprojects\aziaudio_legacy\build\win32\debug\waveoutsounddriver.obj
c:\myprojects\aziaudio_legacy\build\win32\debug\xaudio2sounddriver.obj
c:\myprojects\aziaudio_legacy\build\win32\debug\xaudio2sounddriverlegacy.obj
c:\myprojects\aziaudio_legacy\build\win32\debug\abi1.obj
c:\myprojects\aziaudio_legacy\build\win32\debug\abi2.obj
c:\myprojects\aziaudio_legacy\build\win32\debug\abi3.obj
c:\myprojects\aziaudio_legacy\build\win32\debug\abi3mp3.obj
c:\myprojects\aziaudio_legacy\build\win32\debug\abi_adpcm.obj
c:\myprojects\aziaudio_legacy\build\win32\debug\audio.obj
c:\myprojects\aziaudio_legacy\build\win32\debug\memory.obj
c:\myprojects\aziaudio_legacy\build\win32\debug\mupen64support.obj
c:\myprojects\aziaudio_legacy\build\win32\debug\musyx.obj
c:\myprojects\pj64_1.6.2\plugin\aziaudio_legacy.dll
c:\myprojects\pj64_1.6.2\plugin\map\aziaudio_legacy.map
c:\myprojects\pj64_1.6.2\plugin\pdb\aziaudio_legacy.pdb
c:\myprojects\aziaudio_legacy\build\win32\debug\resource.res
