c:\users\officetower\desktop\aziaudio-master\target\win32\release\lib\aziaudio_legacy.lib
c:\users\officetower\desktop\aziaudio-master\target\win32\release\lib\aziaudio_legacy.exp
c:\users\officetower\desktop\aziaudio-master\build\win32\release\vc16.0.pdb
c:\users\officetower\desktop\aziaudio-master\build\win32\release\vc16.0.idb
c:\users\officetower\desktop\aziaudio-master\build\win32\release\main.obj
c:\users\officetower\desktop\aziaudio-master\build\win32\release\abi1.obj
c:\users\officetower\desktop\aziaudio-master\build\win32\release\abi_adpcm.obj
c:\users\officetower\desktop\aziaudio-master\build\win32\release\abi_buffers.obj
c:\users\officetower\desktop\aziaudio-master\build\win32\release\abi_envmixer.obj
c:\users\officetower\desktop\aziaudio-master\build\win32\release\abi_filters.obj
c:\users\officetower\desktop\aziaudio-master\build\win32\release\abi_mixerinterleave.obj
c:\users\officetower\desktop\aziaudio-master\build\win32\release\abi_resample.obj
c:\users\officetower\desktop\aziaudio-master\build\win32\release\configuration.obj
c:\users\officetower\desktop\aziaudio-master\build\win32\release\directsounddriver.obj
c:\users\officetower\desktop\aziaudio-master\build\win32\release\directsounddriverlegacy.obj
c:\users\officetower\desktop\aziaudio-master\build\win32\release\hlemain.obj
c:\users\officetower\desktop\aziaudio-master\build\win32\release\nosounddriver.obj
c:\users\officetower\desktop\aziaudio-master\build\win32\release\sounddriver.obj
c:\users\officetower\desktop\aziaudio-master\build\win32\release\sounddriverfactory.obj
c:\users\officetower\desktop\aziaudio-master\build\win32\release\sounddriverinterface.obj
c:\users\officetower\desktop\aziaudio-master\build\win32\release\sounddriverlegacy.obj
c:\users\officetower\desktop\aziaudio-master\build\win32\release\wasapisounddriver.obj
c:\users\officetower\desktop\aziaudio-master\build\win32\release\waveoutsounddriver.obj
c:\users\officetower\desktop\aziaudio-master\build\win32\release\xaudio2sounddriver.obj
c:\users\officetower\desktop\aziaudio-master\build\win32\release\xaudio2sounddriverlegacy.obj
c:\users\officetower\desktop\aziaudio-master\build\win32\release\abi2.obj
c:\users\officetower\desktop\aziaudio-master\build\win32\release\abi3.obj
c:\users\officetower\desktop\aziaudio-master\build\win32\release\abi3mp3.obj
c:\users\officetower\desktop\aziaudio-master\build\win32\release\audio.obj
c:\users\officetower\desktop\aziaudio-master\build\win32\release\memory.obj
c:\users\officetower\desktop\aziaudio-master\build\win32\release\mupen64support.obj
c:\users\officetower\desktop\aziaudio-master\build\win32\release\musyx.obj
c:\users\officetower\desktop\aziaudio-master\target\win32\release\aziaudio_legacy.dll
c:\users\officetower\desktop\aziaudio-master\build\win32\release\aziaudio_legacy.iobj
c:\users\officetower\desktop\aziaudio-master\target\win32\release\map\aziaudio_legacy.map
c:\users\officetower\desktop\aziaudio-master\target\win32\release\pdb\aziaudio_legacy.pdb
c:\users\officetower\desktop\aziaudio-master\build\win32\release\resource.res
